<?xml version="1.0" encoding="UTF-8"?>
<coverage generated="1593348255305" clover="3.2.0">
  <project timestamp="1593348255305" name="All files">
    <metrics statements="49" coveredstatements="49" conditionals="12" coveredconditionals="12" methods="20" coveredmethods="20" elements="81" coveredelements="81" complexity="0" loc="49" ncloc="49" packages="3" files="14" classes="14"/>
    <package name="src">
      <metrics statements="9" coveredstatements="9" conditionals="3" coveredconditionals="3" methods="3" coveredmethods="3"/>
      <file name="App.jsx" path="/home/josh/Documents/projects/redux-orm-testing-example/src/App.jsx">
        <metrics statements="2" coveredstatements="2" conditionals="0" coveredconditionals="0" methods="1" coveredmethods="1"/>
        <line num="6" count="1" type="stmt"/>
        <line num="7" count="1" type="stmt"/>
      </file>
      <file name="store.js" path="/home/josh/Documents/projects/redux-orm-testing-example/src/store.js">
        <metrics statements="4" coveredstatements="4" conditionals="0" coveredconditionals="0" methods="0" coveredmethods="0"/>
        <line num="8" count="1" type="stmt"/>
        <line num="15" count="1" type="stmt"/>
        <line num="18" count="1" type="stmt"/>
        <line num="22" count="1" type="stmt"/>
      </file>
      <file name="test-utils.js" path="/home/josh/Documents/projects/redux-orm-testing-example/src/test-utils.js">
        <metrics statements="3" coveredstatements="3" conditionals="3" coveredconditionals="3" methods="2" coveredmethods="2"/>
        <line num="10" count="4" type="stmt"/>
        <line num="26" count="17" type="stmt"/>
        <line num="28" count="14" type="stmt"/>
      </file>
    </package>
    <package name="src.components">
      <metrics statements="21" coveredstatements="21" conditionals="6" coveredconditionals="6" methods="10" coveredmethods="10"/>
      <file name="PostContainer.jsx" path="/home/josh/Documents/projects/redux-orm-testing-example/src/components/PostContainer.jsx">
        <metrics statements="4" coveredstatements="4" conditionals="0" coveredconditionals="0" methods="3" coveredmethods="3"/>
        <line num="11" count="12" type="stmt"/>
        <line num="12" count="24" type="stmt"/>
        <line num="13" count="12" type="stmt"/>
        <line num="19" count="1" type="stmt"/>
      </file>
      <file name="PostItem.jsx" path="/home/josh/Documents/projects/redux-orm-testing-example/src/components/PostItem.jsx">
        <metrics statements="3" coveredstatements="3" conditionals="0" coveredconditionals="0" methods="2" coveredmethods="2"/>
        <line num="4" count="4" type="stmt"/>
        <line num="13" count="64" type="stmt"/>
        <line num="22" count="6" type="stmt"/>
      </file>
      <file name="PostSubmissionInput.jsx" path="/home/josh/Documents/projects/redux-orm-testing-example/src/components/PostSubmissionInput.jsx">
        <metrics statements="11" coveredstatements="11" conditionals="2" coveredconditionals="2" methods="3" coveredmethods="3"/>
        <line num="5" count="2" type="stmt"/>
        <line num="8" count="13" type="stmt"/>
        <line num="9" count="13" type="stmt"/>
        <line num="11" count="13" type="stmt"/>
        <line num="12" count="1" type="stmt"/>
        <line num="15" count="13" type="stmt"/>
        <line num="16" count="2" type="stmt"/>
        <line num="17" count="2" type="cond" truecount="2" falsecount="0"/>
        <line num="18" count="1" type="stmt"/>
        <line num="19" count="1" type="stmt"/>
        <line num="22" count="13" type="stmt"/>
      </file>
      <file name="Posts.jsx" path="/home/josh/Documents/projects/redux-orm-testing-example/src/components/Posts.jsx">
        <metrics statements="3" coveredstatements="3" conditionals="4" coveredconditionals="4" methods="2" coveredmethods="2"/>
        <line num="5" count="3" type="stmt"/>
        <line num="16" count="19" type="stmt"/>
        <line num="21" count="61" type="stmt"/>
      </file>
    </package>
    <package name="src.models">
      <metrics statements="19" coveredstatements="19" conditionals="3" coveredconditionals="3" methods="7" coveredmethods="7"/>
      <file name="actions.js" path="/home/josh/Documents/projects/redux-orm-testing-example/src/models/actions.js">
        <metrics statements="2" coveredstatements="2" conditionals="0" coveredconditionals="0" methods="2" coveredmethods="2"/>
        <line num="5" count="49" type="stmt"/>
        <line num="10" count="6" type="stmt"/>
      </file>
      <file name="index.js" path="/home/josh/Documents/projects/redux-orm-testing-example/src/models/index.js">
        <metrics statements="0" coveredstatements="0" conditionals="0" coveredconditionals="0" methods="0" coveredmethods="0"/>
      </file>
      <file name="models.js" path="/home/josh/Documents/projects/redux-orm-testing-example/src/models/models.js">
        <metrics statements="8" coveredstatements="8" conditionals="3" coveredconditionals="3" methods="2" coveredmethods="2"/>
        <line num="7" count="287" type="stmt"/>
        <line num="14" count="92" type="cond" truecount="3" falsecount="0"/>
        <line num="16" count="50" type="stmt"/>
        <line num="19" count="4" type="stmt"/>
        <line num="20" count="4" type="stmt"/>
        <line num="21" count="4" type="stmt"/>
        <line num="24" count="38" type="stmt"/>
        <line num="28" count="6" type="stmt"/>
      </file>
      <file name="orm.js" path="/home/josh/Documents/projects/redux-orm-testing-example/src/models/orm.js">
        <metrics statements="3" coveredstatements="3" conditionals="0" coveredconditionals="0" methods="1" coveredmethods="1"/>
        <line num="7" count="50" type="stmt"/>
        <line num="9" count="6" type="stmt"/>
        <line num="10" count="6" type="stmt"/>
      </file>
      <file name="ormTestUtils.js" path="/home/josh/Documents/projects/redux-orm-testing-example/src/models/ormTestUtils.js">
        <metrics statements="3" coveredstatements="3" conditionals="0" coveredconditionals="0" methods="2" coveredmethods="2"/>
        <line num="12" count="2" type="stmt"/>
        <line num="23" count="27" type="stmt"/>
        <line num="24" count="27" type="stmt"/>
      </file>
      <file name="selectors.js" path="/home/josh/Documents/projects/redux-orm-testing-example/src/models/selectors.js">
        <metrics statements="1" coveredstatements="1" conditionals="0" coveredconditionals="0" methods="0" coveredmethods="0"/>
        <line num="6" count="5" type="stmt"/>
      </file>
      <file name="types.js" path="/home/josh/Documents/projects/redux-orm-testing-example/src/models/types.js">
        <metrics statements="2" coveredstatements="2" conditionals="0" coveredconditionals="0" methods="0" coveredmethods="0"/>
        <line num="3" count="7" type="stmt"/>
        <line num="4" count="7" type="stmt"/>
      </file>
    </package>
  </project>
</coverage>
