{"/home/josh/Documents/projects/redux-orm-testing-example/src/App.jsx": {"path":"/home/josh/Documents/projects/redux-orm-testing-example/src/App.jsx","statementMap":{"0":{"start":{"line":6,"column":12},"end":{"line":20,"column":1}},"1":{"start":{"line":7,"column":2},"end":{"line":19,"column":4}}},"fnMap":{"0":{"name":"(anonymous_0)","decl":{"start":{"line":6,"column":12},"end":{"line":6,"column":13}},"loc":{"start":{"line":6,"column":18},"end":{"line":20,"column":1}},"line":6}},"branchMap":{},"s":{"0":1,"1":1},"f":{"0":1},"b":{},"_coverageSchema":"43e27e138ebf9cfc5966b082cf9a028302ed4184","hash":"f7c70bd7b98db71720816a7ab944ea3c16da58fc"}
,"/home/josh/Documents/projects/redux-orm-testing-example/src/store.js": {"path":"/home/josh/Documents/projects/redux-orm-testing-example/src/store.js","statementMap":{"0":{"start":{"line":8,"column":27},"end":{"line":13,"column":2}},"1":{"start":{"line":15,"column":14},"end":{"line":15,"column":61}},"2":{"start":{"line":18,"column":0},"end":{"line":21,"column":3}},"3":{"start":{"line":22,"column":0},"end":{"line":25,"column":3}}},"fnMap":{},"branchMap":{},"s":{"0":1,"1":1,"2":1,"3":1},"f":{},"b":{},"_coverageSchema":"43e27e138ebf9cfc5966b082cf9a028302ed4184","hash":"5cc5cc4e27e41cc854ca72910f03e39046557d8e"}
,"/home/josh/Documents/projects/redux-orm-testing-example/src/test-utils.js": {"path":"/home/josh/Documents/projects/redux-orm-testing-example/src/test-utils.js","statementMap":{"0":{"start":{"line":10,"column":20},"end":{"line":15,"column":2}},"1":{"start":{"line":26,"column":4},"end":{"line":26,"column":57}},"2":{"start":{"line":28,"column":2},"end":{"line":28,"column":63}}},"fnMap":{"0":{"name":"render","decl":{"start":{"line":17,"column":9},"end":{"line":17,"column":15}},"loc":{"start":{"line":24,"column":2},"end":{"line":29,"column":1}},"line":24},"1":{"name":"Wrapper","decl":{"start":{"line":25,"column":11},"end":{"line":25,"column":18}},"loc":{"start":{"line":25,"column":33},"end":{"line":27,"column":3}},"line":25}},"branchMap":{"0":{"loc":{"start":{"line":19,"column":2},"end":{"line":23,"column":8}},"type":"default-arg","locations":[{"start":{"line":23,"column":6},"end":{"line":23,"column":8}}],"line":19},"1":{"loc":{"start":{"line":20,"column":4},"end":{"line":20,"column":21}},"type":"default-arg","locations":[{"start":{"line":20,"column":19},"end":{"line":20,"column":21}}],"line":20},"2":{"loc":{"start":{"line":21,"column":4},"end":{"line":21,"column":50}},"type":"default-arg","locations":[{"start":{"line":21,"column":12},"end":{"line":21,"column":50}}],"line":21}},"s":{"0":4,"1":17,"2":14},"f":{"0":14,"1":17},"b":{"0":[8],"1":[14],"2":[8]},"_coverageSchema":"43e27e138ebf9cfc5966b082cf9a028302ed4184","hash":"12482813d1db932683d01a3bb6e13ffd658168a8"}
,"/home/josh/Documents/projects/redux-orm-testing-example/src/components/PostContainer.jsx": {"path":"/home/josh/Documents/projects/redux-orm-testing-example/src/components/PostContainer.jsx","statementMap":{"0":{"start":{"line":11,"column":19},"end":{"line":11,"column":32}},"1":{"start":{"line":12,"column":16},"end":{"line":12,"column":58}},"2":{"start":{"line":12,"column":37},"end":{"line":12,"column":57}},"3":{"start":{"line":13,"column":2},"end":{"line":23,"column":4}},"4":{"start":{"line":19,"column":32},"end":{"line":19,"column":58}}},"fnMap":{"0":{"name":"PostContainer","decl":{"start":{"line":10,"column":9},"end":{"line":10,"column":22}},"loc":{"start":{"line":10,"column":25},"end":{"line":24,"column":1}},"line":10},"1":{"name":"(anonymous_1)","decl":{"start":{"line":12,"column":28},"end":{"line":12,"column":29}},"loc":{"start":{"line":12,"column":37},"end":{"line":12,"column":57}},"line":12},"2":{"name":"(anonymous_2)","decl":{"start":{"line":19,"column":24},"end":{"line":19,"column":25}},"loc":{"start":{"line":19,"column":32},"end":{"line":19,"column":58}},"line":19}},"branchMap":{},"s":{"0":12,"1":12,"2":24,"3":12,"4":1},"f":{"0":12,"1":24,"2":1},"b":{},"_coverageSchema":"43e27e138ebf9cfc5966b082cf9a028302ed4184","hash":"9319ecc3ff909d692117ec3f94e909868f7a2cc0"}
,"/home/josh/Documents/projects/redux-orm-testing-example/src/components/PostItem.jsx": {"path":"/home/josh/Documents/projects/redux-orm-testing-example/src/components/PostItem.jsx","statementMap":{"0":{"start":{"line":4,"column":0},"end":{"line":10,"column":2}},"1":{"start":{"line":13,"column":2},"end":{"line":29,"column":4}},"2":{"start":{"line":22,"column":25},"end":{"line":22,"column":46}}},"fnMap":{"0":{"name":"PostItem","decl":{"start":{"line":12,"column":9},"end":{"line":12,"column":17}},"loc":{"start":{"line":12,"column":42},"end":{"line":30,"column":1}},"line":12},"1":{"name":"(anonymous_1)","decl":{"start":{"line":22,"column":19},"end":{"line":22,"column":20}},"loc":{"start":{"line":22,"column":25},"end":{"line":22,"column":46}},"line":22}},"branchMap":{},"s":{"0":4,"1":64,"2":6},"f":{"0":64,"1":6},"b":{},"_coverageSchema":"43e27e138ebf9cfc5966b082cf9a028302ed4184","hash":"7c0833b608b0c81433f3aaa993bff657e5499da6"}
,"/home/josh/Documents/projects/redux-orm-testing-example/src/components/PostSubmissionInput.jsx": {"path":"/home/josh/Documents/projects/redux-orm-testing-example/src/components/PostSubmissionInput.jsx","statementMap":{"0":{"start":{"line":5,"column":0},"end":{"line":5,"column":35}},"1":{"start":{"line":8,"column":36},"end":{"line":8,"column":48}},"2":{"start":{"line":9,"column":19},"end":{"line":9,"column":32}},"3":{"start":{"line":11,"column":28},"end":{"line":13,"column":3}},"4":{"start":{"line":12,"column":4},"end":{"line":12,"column":33}},"5":{"start":{"line":15,"column":27},"end":{"line":21,"column":3}},"6":{"start":{"line":16,"column":4},"end":{"line":16,"column":23}},"7":{"start":{"line":17,"column":4},"end":{"line":20,"column":5}},"8":{"start":{"line":18,"column":6},"end":{"line":18,"column":38}},"9":{"start":{"line":19,"column":6},"end":{"line":19,"column":23}},"10":{"start":{"line":22,"column":2},"end":{"line":32,"column":4}}},"fnMap":{"0":{"name":"PostSubmissionInput","decl":{"start":{"line":7,"column":9},"end":{"line":7,"column":28}},"loc":{"start":{"line":7,"column":31},"end":{"line":33,"column":1}},"line":7},"1":{"name":"(anonymous_1)","decl":{"start":{"line":11,"column":28},"end":{"line":11,"column":29}},"loc":{"start":{"line":11,"column":33},"end":{"line":13,"column":3}},"line":11},"2":{"name":"(anonymous_2)","decl":{"start":{"line":15,"column":27},"end":{"line":15,"column":28}},"loc":{"start":{"line":15,"column":32},"end":{"line":21,"column":3}},"line":15}},"branchMap":{"0":{"loc":{"start":{"line":17,"column":4},"end":{"line":20,"column":5}},"type":"if","locations":[{"start":{"line":17,"column":4},"end":{"line":20,"column":5}},{"start":{"line":17,"column":4},"end":{"line":20,"column":5}}],"line":17}},"s":{"0":2,"1":13,"2":13,"3":13,"4":1,"5":13,"6":2,"7":2,"8":1,"9":1,"10":13},"f":{"0":13,"1":1,"2":2},"b":{"0":[1,1]},"_coverageSchema":"43e27e138ebf9cfc5966b082cf9a028302ed4184","hash":"9c57522424ceaf40146f303cea6db45b79acc0ff"}
,"/home/josh/Documents/projects/redux-orm-testing-example/src/components/Posts.jsx": {"path":"/home/josh/Documents/projects/redux-orm-testing-example/src/components/Posts.jsx","statementMap":{"0":{"start":{"line":5,"column":0},"end":{"line":13,"column":2}},"1":{"start":{"line":16,"column":2},"end":{"line":25,"column":4}},"2":{"start":{"line":21,"column":12},"end":{"line":21,"column":78}}},"fnMap":{"0":{"name":"Posts","decl":{"start":{"line":15,"column":9},"end":{"line":15,"column":14}},"loc":{"start":{"line":15,"column":40},"end":{"line":26,"column":1}},"line":15},"1":{"name":"(anonymous_1)","decl":{"start":{"line":20,"column":20},"end":{"line":20,"column":21}},"loc":{"start":{"line":21,"column":12},"end":{"line":21,"column":78}},"line":21}},"branchMap":{"0":{"loc":{"start":{"line":18,"column":7},"end":{"line":23,"column":14}},"type":"cond-expr","locations":[{"start":{"line":19,"column":10},"end":{"line":22,"column":12}},{"start":{"line":23,"column":10},"end":{"line":23,"column":14}}],"line":18},"1":{"loc":{"start":{"line":19,"column":10},"end":{"line":22,"column":12}},"type":"binary-expr","locations":[{"start":{"line":19,"column":10},"end":{"line":19,"column":26}},{"start":{"line":20,"column":10},"end":{"line":22,"column":12}}],"line":19}},"s":{"0":3,"1":19,"2":61},"f":{"0":19,"1":61},"b":{"0":[18,1],"1":[18,18]},"_coverageSchema":"43e27e138ebf9cfc5966b082cf9a028302ed4184","hash":"7613758f594e1dadac11879a668179212acd1581"}
,"/home/josh/Documents/projects/redux-orm-testing-example/src/models/actions.js": {"path":"/home/josh/Documents/projects/redux-orm-testing-example/src/models/actions.js","statementMap":{"0":{"start":{"line":5,"column":26},"end":{"line":8,"column":2}},"1":{"start":{"line":5,"column":34},"end":{"line":8,"column":1}},"2":{"start":{"line":10,"column":26},"end":{"line":13,"column":2}},"3":{"start":{"line":10,"column":33},"end":{"line":13,"column":1}}},"fnMap":{"0":{"name":"(anonymous_0)","decl":{"start":{"line":5,"column":26},"end":{"line":5,"column":27}},"loc":{"start":{"line":5,"column":34},"end":{"line":8,"column":1}},"line":5},"1":{"name":"(anonymous_1)","decl":{"start":{"line":10,"column":26},"end":{"line":10,"column":27}},"loc":{"start":{"line":10,"column":33},"end":{"line":13,"column":1}},"line":10}},"branchMap":{},"s":{"0":6,"1":49,"2":6,"3":4},"f":{"0":49,"1":4},"b":{},"_coverageSchema":"43e27e138ebf9cfc5966b082cf9a028302ed4184","hash":"5d91151d39dac4afeab731c20d35a8142734cd89"}
,"/home/josh/Documents/projects/redux-orm-testing-example/src/models/index.js": {"path":"/home/josh/Documents/projects/redux-orm-testing-example/src/models/index.js","statementMap":{},"fnMap":{},"branchMap":{},"s":{},"f":{},"b":{},"_coverageSchema":"43e27e138ebf9cfc5966b082cf9a028302ed4184","hash":"fdf7d44c1bf8e5a7aab6cfabecea8fa03980801d"}
,"/home/josh/Documents/projects/redux-orm-testing-example/src/models/models.js": {"path":"/home/josh/Documents/projects/redux-orm-testing-example/src/models/models.js","statementMap":{"0":{"start":{"line":7,"column":4},"end":{"line":10,"column":6}},"1":{"start":{"line":14,"column":4},"end":{"line":25,"column":5}},"2":{"start":{"line":16,"column":8},"end":{"line":16,"column":56}},"3":{"start":{"line":19,"column":19},"end":{"line":19,"column":46}},"4":{"start":{"line":20,"column":8},"end":{"line":20,"column":22}},"5":{"start":{"line":21,"column":8},"end":{"line":21,"column":26}},"6":{"start":{"line":24,"column":8},"end":{"line":24,"column":26}},"7":{"start":{"line":28,"column":0},"end":{"line":28,"column":24}}},"fnMap":{"0":{"name":"(anonymous_0)","decl":{"start":{"line":6,"column":2},"end":{"line":6,"column":3}},"loc":{"start":{"line":6,"column":22},"end":{"line":11,"column":3}},"line":6},"1":{"name":"(anonymous_1)","decl":{"start":{"line":13,"column":2},"end":{"line":13,"column":3}},"loc":{"start":{"line":13,"column":40},"end":{"line":26,"column":3}},"line":13}},"branchMap":{"0":{"loc":{"start":{"line":14,"column":4},"end":{"line":25,"column":5}},"type":"switch","locations":[{"start":{"line":15,"column":6},"end":{"line":17,"column":7}},{"start":{"line":18,"column":6},"end":{"line":22,"column":7}},{"start":{"line":23,"column":6},"end":{"line":24,"column":26}}],"line":14}},"s":{"0":287,"1":92,"2":50,"3":4,"4":4,"5":4,"6":38,"7":6},"f":{"0":287,"1":92},"b":{"0":[50,4,38]},"_coverageSchema":"43e27e138ebf9cfc5966b082cf9a028302ed4184","hash":"7685c50d11055494695777cf4417d14c2668902b"}
,"/home/josh/Documents/projects/redux-orm-testing-example/src/models/orm.js": {"path":"/home/josh/Documents/projects/redux-orm-testing-example/src/models/orm.js","statementMap":{"0":{"start":{"line":7,"column":19},"end":{"line":7,"column":65}},"1":{"start":{"line":7,"column":53},"end":{"line":7,"column":62}},"2":{"start":{"line":9,"column":25},"end":{"line":9,"column":46}},"3":{"start":{"line":10,"column":0},"end":{"line":10,"column":34}}},"fnMap":{"0":{"name":"(anonymous_0)","decl":{"start":{"line":7,"column":44},"end":{"line":7,"column":45}},"loc":{"start":{"line":7,"column":53},"end":{"line":7,"column":62}},"line":7}},"branchMap":{},"s":{"0":6,"1":50,"2":6,"3":6},"f":{"0":50},"b":{},"_coverageSchema":"43e27e138ebf9cfc5966b082cf9a028302ed4184","hash":"3d54796c7ede92d15854fbf59e3bc21d31122f99"}
,"/home/josh/Documents/projects/redux-orm-testing-example/src/models/ormTestUtils.js": {"path":"/home/josh/Documents/projects/redux-orm-testing-example/src/models/ormTestUtils.js","statementMap":{"0":{"start":{"line":12,"column":2},"end":{"line":12,"column":73}},"1":{"start":{"line":23,"column":2},"end":{"line":23,"column":66}},"2":{"start":{"line":24,"column":2},"end":{"line":24,"column":36}}},"fnMap":{"0":{"name":"applyActionToModelReducer","decl":{"start":{"line":11,"column":16},"end":{"line":11,"column":41}},"loc":{"start":{"line":11,"column":70},"end":{"line":13,"column":1}},"line":11},"1":{"name":"applyActionAndGetNextSession","decl":{"start":{"line":22,"column":16},"end":{"line":22,"column":44}},"loc":{"start":{"line":22,"column":73},"end":{"line":25,"column":1}},"line":22}},"branchMap":{},"s":{"0":2,"1":27,"2":27},"f":{"0":2,"1":27},"b":{},"_coverageSchema":"43e27e138ebf9cfc5966b082cf9a028302ed4184","hash":"0161a18d31d64c443a6b6d0927d855d3f9c0d95b"}
,"/home/josh/Documents/projects/redux-orm-testing-example/src/models/selectors.js": {"path":"/home/josh/Documents/projects/redux-orm-testing-example/src/models/selectors.js","statementMap":{"0":{"start":{"line":6,"column":29},"end":{"line":6,"column":53}}},"fnMap":{},"branchMap":{},"s":{"0":5},"f":{},"b":{},"_coverageSchema":"43e27e138ebf9cfc5966b082cf9a028302ed4184","hash":"bfed2f3659c8064f23bc77896509bd1a7ebe1bd8"}
,"/home/josh/Documents/projects/redux-orm-testing-example/src/models/types.js": {"path":"/home/josh/Documents/projects/redux-orm-testing-example/src/models/types.js","statementMap":{"0":{"start":{"line":3,"column":27},"end":{"line":3,"column":40}},"1":{"start":{"line":4,"column":27},"end":{"line":4,"column":40}}},"fnMap":{},"branchMap":{},"s":{"0":7,"1":7},"f":{},"b":{},"_coverageSchema":"43e27e138ebf9cfc5966b082cf9a028302ed4184","hash":"7bce3b7236212d41d3d52b789ec8ec161f62d244"}
}
