TN:
SF:/home/josh/Documents/projects/redux-orm-testing-example/src/App.jsx
FN:6,(anonymous_0)
FNF:1
FNH:1
FNDA:1,(anonymous_0)
DA:6,1
DA:7,1
LF:2
LH:2
BRF:0
BRH:0
end_of_record
TN:
SF:/home/josh/Documents/projects/redux-orm-testing-example/src/store.js
FNF:0
FNH:0
DA:8,1
DA:15,1
DA:18,1
DA:22,1
LF:4
LH:4
BRF:0
BRH:0
end_of_record
TN:
SF:/home/josh/Documents/projects/redux-orm-testing-example/src/test-utils.js
FN:17,render
FN:25,Wrapper
FNF:2
FNH:2
FNDA:14,render
FNDA:17,Wrapper
DA:10,4
DA:26,17
DA:28,14
LF:3
LH:3
BRDA:19,0,0,8
BRDA:20,1,0,14
BRDA:21,2,0,8
BRF:3
BRH:3
end_of_record
TN:
SF:/home/josh/Documents/projects/redux-orm-testing-example/src/components/PostContainer.jsx
FN:10,PostContainer
FN:12,(anonymous_1)
FN:19,(anonymous_2)
FNF:3
FNH:3
FNDA:12,PostContainer
FNDA:24,(anonymous_1)
FNDA:1,(anonymous_2)
DA:11,12
DA:12,24
DA:13,12
DA:19,1
LF:4
LH:4
BRF:0
BRH:0
end_of_record
TN:
SF:/home/josh/Documents/projects/redux-orm-testing-example/src/components/PostItem.jsx
FN:12,PostItem
FN:22,(anonymous_1)
FNF:2
FNH:2
FNDA:64,PostItem
FNDA:6,(anonymous_1)
DA:4,4
DA:13,64
DA:22,6
LF:3
LH:3
BRF:0
BRH:0
end_of_record
TN:
SF:/home/josh/Documents/projects/redux-orm-testing-example/src/components/PostSubmissionInput.jsx
FN:7,PostSubmissionInput
FN:11,(anonymous_1)
FN:15,(anonymous_2)
FNF:3
FNH:3
FNDA:13,PostSubmissionInput
FNDA:1,(anonymous_1)
FNDA:2,(anonymous_2)
DA:5,2
DA:8,13
DA:9,13
DA:11,13
DA:12,1
DA:15,13
DA:16,2
DA:17,2
DA:18,1
DA:19,1
DA:22,13
LF:11
LH:11
BRDA:17,0,0,1
BRDA:17,0,1,1
BRF:2
BRH:2
end_of_record
TN:
SF:/home/josh/Documents/projects/redux-orm-testing-example/src/components/Posts.jsx
FN:15,Posts
FN:20,(anonymous_1)
FNF:2
FNH:2
FNDA:19,Posts
FNDA:61,(anonymous_1)
DA:5,3
DA:16,19
DA:21,61
LF:3
LH:3
BRDA:18,0,0,18
BRDA:18,0,1,1
BRDA:19,1,0,18
BRDA:19,1,1,18
BRF:4
BRH:4
end_of_record
TN:
SF:/home/josh/Documents/projects/redux-orm-testing-example/src/models/actions.js
FN:5,(anonymous_0)
FN:10,(anonymous_1)
FNF:2
FNH:2
FNDA:49,(anonymous_0)
FNDA:4,(anonymous_1)
DA:5,49
DA:10,6
LF:2
LH:2
BRF:0
BRH:0
end_of_record
TN:
SF:/home/josh/Documents/projects/redux-orm-testing-example/src/models/index.js
FNF:0
FNH:0
LF:0
LH:0
BRF:0
BRH:0
end_of_record
TN:
SF:/home/josh/Documents/projects/redux-orm-testing-example/src/models/models.js
FN:6,(anonymous_0)
FN:13,(anonymous_1)
FNF:2
FNH:2
FNDA:287,(anonymous_0)
FNDA:92,(anonymous_1)
DA:7,287
DA:14,92
DA:16,50
DA:19,4
DA:20,4
DA:21,4
DA:24,38
DA:28,6
LF:8
LH:8
BRDA:14,0,0,50
BRDA:14,0,1,4
BRDA:14,0,2,38
BRF:3
BRH:3
end_of_record
TN:
SF:/home/josh/Documents/projects/redux-orm-testing-example/src/models/orm.js
FN:7,(anonymous_0)
FNF:1
FNH:1
FNDA:50,(anonymous_0)
DA:7,50
DA:9,6
DA:10,6
LF:3
LH:3
BRF:0
BRH:0
end_of_record
TN:
SF:/home/josh/Documents/projects/redux-orm-testing-example/src/models/ormTestUtils.js
FN:11,applyActionToModelReducer
FN:22,applyActionAndGetNextSession
FNF:2
FNH:2
FNDA:2,applyActionToModelReducer
FNDA:27,applyActionAndGetNextSession
DA:12,2
DA:23,27
DA:24,27
LF:3
LH:3
BRF:0
BRH:0
end_of_record
TN:
SF:/home/josh/Documents/projects/redux-orm-testing-example/src/models/selectors.js
FNF:0
FNH:0
DA:6,5
LF:1
LH:1
BRF:0
BRH:0
end_of_record
TN:
SF:/home/josh/Documents/projects/redux-orm-testing-example/src/models/types.js
FNF:0
FNH:0
DA:3,7
DA:4,7
LF:2
LH:2
BRF:0
BRH:0
end_of_record
